[请求时间]: 2026-3-3 10:17:56 | [日志级别]: INFO | [客户端IP]: ::1 | [请求URL]: /api/user/login | [请求方法]: POST | [浏览器]: Apifox/1.0.0 (https://apifox.com)  | [Body参数]: {"username":"admin","password":"12345678"} | [自定义内容]: -
[请求时间]: 2026-3-3 10:18:01 | [日志级别]: INFO | [客户端IP]: ::1 | [请求URL]: /api/tag/list?page_size=10&page_no=1&name=22222 | [请求方法]: GET | [浏览器]: Apifox/1.0.0 (https://apifox.com)  | [Body参数]: - | [自定义内容]: -
[请求时间]: 2026-3-3 10:18:05 | [日志级别]: INFO | [客户端IP]: ::1 | [请求URL]: /api/tag/list?page_size=10&page_no=1 | [请求方法]: GET | [浏览器]: Apifox/1.0.0 (https://apifox.com)  | [Body参数]: - | [自定义内容]: -
[请求时间]: 2026-3-3 10:18:13 | [日志级别]: INFO | [客户端IP]: ::1 | [请求URL]: /api/tag/list?page_size=50&page_no=1 | [请求方法]: GET | [浏览器]: Apifox/1.0.0 (https://apifox.com)  | [Body参数]: - | [自定义内容]: -
[请求时间]: 2026-3-3 10:23:35 | [日志级别]: INFO | [客户端IP]: ::1 | [请求URL]: /api/question/detail?id=1 | [请求方法]: GET | [浏览器]: Apifox/1.0.0 (https://apifox.com)  | [Body参数]: - | [自定义内容]: -
[请求时间]: 2026-3-3 10:24:02 | [日志级别]: INFO | [客户端IP]: ::1 | [请求URL]: /api/question/detail?id=1 | [请求方法]: GET | [浏览器]: Apifox/1.0.0 (https://apifox.com)  | [Body参数]: - | [自定义内容]: -
[请求时间]: 2026-3-3 10:27:46 | [日志级别]: ERROR | [客户端IP]: ::1 | [请求URL]: /api/question/adult | [请求方法]: POST | [浏览器]: Apifox/1.0.0 (https://apifox.com)  | [Body参数]: {"id":1,"adult_status":2,"remark":""} | [自定义内容]: "remark" is not allowed to be empty
[请求时间]: 2026-3-3 10:28:37 | [日志级别]: ERROR | [客户端IP]: ::1 | [请求URL]: /api/question/adult | [请求方法]: POST | [浏览器]: Apifox/1.0.0 (https://apifox.com)  | [Body参数]: {"id":1,"adult_status":2,"remark":""} | [自定义内容]: "remark" is not allowed to be empty
[请求时间]: 2026-3-3 10:29:13 | [日志级别]: ERROR | [客户端IP]: ::1 | [请求URL]: /api/question/adult | [请求方法]: POST | [浏览器]: Apifox/1.0.0 (https://apifox.com)  | [Body参数]: {"id":1,"adult_status":2,"remark":""} | [自定义内容]: "remark" is not allowed to be empty
[请求时间]: 2026-3-3 10:30:15 | [日志级别]: ERROR | [客户端IP]: ::1 | [请求URL]: /api/question/adult | [请求方法]: POST | [浏览器]: Apifox/1.0.0 (https://apifox.com)  | [Body参数]: {"id":1,"adult_status":2,"remark":""} | [自定义内容]: "remark" is not allowed to be empty
[请求时间]: 2026-3-3 10:31:52 | [日志级别]: INFO | [客户端IP]: ::1 | [请求URL]: /api/question/adult | [请求方法]: POST | [浏览器]: Apifox/1.0.0 (https://apifox.com)  | [Body参数]: {"id":1,"adult_status":2,"remark":""} | [自定义内容]: -
[请求时间]: 2026-3-3 10:32:47 | [日志级别]: ERROR | [客户端IP]: ::1 | [请求URL]: /api/question/adult | [请求方法]: POST | [浏览器]: Apifox/1.0.0 (https://apifox.com)  | [Body参数]: {"id":1,"adult_status":2,"remark":""} | [自定义内容]: "remark" is not allowed to be empty
[请求时间]: 2026-3-3 10:33:00 | [日志级别]: ERROR | [客户端IP]: ::1 | [请求URL]: /api/question/adult | [请求方法]: POST | [浏览器]: Apifox/1.0.0 (https://apifox.com)  | [Body参数]: {"id":1,"adult_status":2,"remark":""} | [自定义内容]: "remark" is not allowed to be empty
[请求时间]: 2026-3-3 10:33:04 | [日志级别]: INFO | [客户端IP]: ::1 | [请求URL]: /api/question/adult | [请求方法]: POST | [浏览器]: Apifox/1.0.0 (https://apifox.com)  | [Body参数]: {"id":1,"adult_status":2,"remark":"1"} | [自定义内容]: -
[请求时间]: 2026-3-3 10:36:08 | [日志级别]: ERROR | [客户端IP]: ::1 | [请求URL]: /api/question/adult | [请求方法]: POST | [浏览器]: Apifox/1.0.0 (https://apifox.com)  | [Body参数]: {"id":1,"adult_status":2,"remark":""} | [自定义内容]: "remark" is not allowed to be empty
[请求时间]: 2026-3-3 10:36:13 | [日志级别]: INFO | [客户端IP]: ::1 | [请求URL]: /api/question/adult | [请求方法]: POST | [浏览器]: Apifox/1.0.0 (https://apifox.com)  | [Body参数]: {"id":1,"adult_status":2} | [自定义内容]: -
[请求时间]: 2026-3-3 10:39:06 | [日志级别]: INFO | [客户端IP]: ::1 | [请求URL]: /api/question/adultLogs?question_id=1 | [请求方法]: GET | [浏览器]: Apifox/1.0.0 (https://apifox.com)  | [Body参数]: - | [自定义内容]: -
[请求时间]: 2026-3-3 16:26:28 | [日志级别]: INFO | [客户端IP]: ::1 | [请求URL]: /api/user/login | [请求方法]: POST | [浏览器]: Apifox/1.0.0 (https://apifox.com)  | [Body参数]: {"username":"admin","password":"12345678"} | [自定义内容]: -
[请求时间]: 2026-3-3 16:43:13 | [日志级别]: ERROR | [客户端IP]: ::1 | [请求URL]: /api/question/list | [请求方法]: GET | [浏览器]: Apifox/1.0.0 (https://apifox.com)  | [Body参数]: - | [自定义内容]: "page_size" is required
[请求时间]: 2026-3-3 16:43:27 | [日志级别]: ERROR | [客户端IP]: ::1 | [请求URL]: /api/question/list?page_size=10&page_no=1 | [请求方法]: GET | [浏览器]: Apifox/1.0.0 (https://apifox.com)  | [Body参数]: - | [自定义内容]: User is not associated to Question!
[请求时间]: 2026-3-3 16:44:16 | [日志级别]: INFO | [客户端IP]: ::1 | [请求URL]: /api/question/list?page_size=10&page_no=1 | [请求方法]: GET | [浏览器]: Apifox/1.0.0 (https://apifox.com)  | [Body参数]: - | [自定义内容]: -
[请求时间]: 2026-3-3 16:44:55 | [日志级别]: ERROR | [客户端IP]: ::1 | [请求URL]: /api/question/list?page_size=10&page_no=1&tags=[%27JavaScript%27,%27%E5%9F%BA%E7%A1%80%27] | [请求方法]: GET | [浏览器]: Apifox/1.0.0 (https://apifox.com)  | [Body参数]: - | [自定义内容]: "tags" must be an array
[请求时间]: 2026-3-3 16:45:18 | [日志级别]: ERROR | [客户端IP]: ::1 | [请求URL]: /api/question/list?page_size=10&page_no=1&tags=JavaScript,%E5%9F%BA%E7%A1%80 | [请求方法]: GET | [浏览器]: Apifox/1.0.0 (https://apifox.com)  | [Body参数]: - | [自定义内容]: "tags" must be an array
[请求时间]: 2026-3-3 16:46:53 | [日志级别]: ERROR | [客户端IP]: ::1 | [请求URL]: /api/question/list?page_size=10&page_no=1&tags=JavaScript&tags=%E5%9F%BA%E7%A1%80 | [请求方法]: GET | [浏览器]: Apifox/1.0.0 (https://apifox.com)  | [Body参数]: - | [自定义内容]: where is not defined
[请求时间]: 2026-3-3 16:47:09 | [日志级别]: ERROR | [客户端IP]: ::1 | [请求URL]: /api/question/list?page_size=10&page_no=1&tags=JavaScript&tags=%E5%9F%BA%E7%A1%80 | [请求方法]: GET | [浏览器]: Apifox/1.0.0 (https://apifox.com)  | [Body参数]: - | [自定义内容]: value.map is not a function
[请求时间]: 2026-3-3 16:48:58 | [日志级别]: ERROR | [客户端IP]: ::1 | [请求URL]: /api/question/list?page_size=10&page_no=1&tags=JavaScript&tags=%E5%9F%BA%E7%A1%80 | [请求方法]: GET | [浏览器]: Apifox/1.0.0 (https://apifox.com)  | [Body参数]: - | [自定义内容]: You have an error in your SQL syntax; check the manual that corresponds to your MySQL server version for the right syntax to use near '?)) AND JSON_CONTAINS(tags, JSON_ARRAY(?))))' at line 1
[请求时间]: 2026-3-3 16:50:18 | [日志级别]: INFO | [客户端IP]: ::1 | [请求URL]: /api/question/list?page_size=10&page_no=1&tags=JavaScript&tags=%E5%9F%BA%E7%A1%80 | [请求方法]: GET | [浏览器]: Apifox/1.0.0 (https://apifox.com)  | [Body参数]: - | [自定义内容]: -
[请求时间]: 2026-3-3 16:53:30 | [日志级别]: ERROR | [客户端IP]: ::1 | [请求URL]: /api/question/update | [请求方法]: POST | [浏览器]: Apifox/1.0.0 (https://apifox.com)  | [Body参数]: {"id":1,"title":"2222"} | [自定义内容]: 非题库创建者，无权限操作
[请求时间]: 2026-3-3 16:54:04 | [日志级别]: INFO | [客户端IP]: ::1 | [请求URL]: /api/question/update | [请求方法]: POST | [浏览器]: Apifox/1.0.0 (https://apifox.com)  | [Body参数]: {"id":1,"title":"2222"} | [自定义内容]: -
[请求时间]: 2026-3-3 17:02:39 | [日志级别]: INFO | [客户端IP]: ::1 | [请求URL]: /api/question/relinkQuestionBank | [请求方法]: POST | [浏览器]: Apifox/1.0.0 (https://apifox.com)  | [Body参数]: {"question_id":1,"question_bank_id":1} | [自定义内容]: -
