[请求时间]: 2026-3-5 10:11:24 | [日志级别]: INFO | [客户端IP]: ::1 | [请求URL]: /api/questionBank/list?page_no=1&page_size=10 | [请求方法]: GET | [浏览器]: axios/1.13.5  | [Body参数]: - | [自定义内容]: -
[请求时间]: 2026-3-5 10:11:25 | [日志级别]: INFO | [客户端IP]: ::1 | [请求URL]: /api/question/list?page_no=1&page_size=10 | [请求方法]: GET | [浏览器]: axios/1.13.5  | [Body参数]: - | [自定义内容]: -
[请求时间]: 2026-3-5 10:11:46 | [日志级别]: INFO | [客户端IP]: ::1 | [请求URL]: /api/questionBank/list?page_no=1&page_size=10 | [请求方法]: GET | [浏览器]: axios/1.13.5  | [Body参数]: - | [自定义内容]: -
[请求时间]: 2026-3-5 10:11:46 | [日志级别]: INFO | [客户端IP]: ::1 | [请求URL]: /api/question/list?page_no=1&page_size=10 | [请求方法]: GET | [浏览器]: axios/1.13.5  | [Body参数]: - | [自定义内容]: -
[请求时间]: 2026-3-5 10:12:35 | [日志级别]: INFO | [客户端IP]: ::1 | [请求URL]: /api/questionBank/list?page_no=1&page_size=10 | [请求方法]: GET | [浏览器]: axios/1.13.5  | [Body参数]: - | [自定义内容]: -
[请求时间]: 2026-3-5 10:12:35 | [日志级别]: INFO | [客户端IP]: ::1 | [请求URL]: /api/question/list?page_no=1&page_size=10 | [请求方法]: GET | [浏览器]: axios/1.13.5  | [Body参数]: - | [自定义内容]: -
[请求时间]: 2026-3-5 10:12:48 | [日志级别]: INFO | [客户端IP]: ::1 | [请求URL]: /api/questionBank/list?page_no=1&page_size=10 | [请求方法]: GET | [浏览器]: axios/1.13.5  | [Body参数]: - | [自定义内容]: -
[请求时间]: 2026-3-5 10:12:48 | [日志级别]: INFO | [客户端IP]: ::1 | [请求URL]: /api/question/list?page_no=1&page_size=10 | [请求方法]: GET | [浏览器]: axios/1.13.5  | [Body参数]: - | [自定义内容]: -
[请求时间]: 2026-3-5 10:12:58 | [日志级别]: INFO | [客户端IP]: ::1 | [请求URL]: /api/questionBank/list?page_no=1&page_size=10 | [请求方法]: GET | [浏览器]: axios/1.13.5  | [Body参数]: - | [自定义内容]: -
[请求时间]: 2026-3-5 10:12:58 | [日志级别]: INFO | [客户端IP]: ::1 | [请求URL]: /api/question/list?page_no=1&page_size=10 | [请求方法]: GET | [浏览器]: axios/1.13.5  | [Body参数]: - | [自定义内容]: -
[请求时间]: 2026-3-5 10:15:25 | [日志级别]: INFO | [客户端IP]: ::1 | [请求URL]: /api/questionBank/list?page_no=1&page_size=10 | [请求方法]: GET | [浏览器]: axios/1.13.5  | [Body参数]: - | [自定义内容]: -
[请求时间]: 2026-3-5 10:15:25 | [日志级别]: INFO | [客户端IP]: ::1 | [请求URL]: /api/question/list?page_no=1&page_size=10 | [请求方法]: GET | [浏览器]: axios/1.13.5  | [Body参数]: - | [自定义内容]: -
[请求时间]: 2026-3-5 10:15:28 | [日志级别]: INFO | [客户端IP]: ::1 | [请求URL]: /api/questionBank/list?page_no=1&page_size=10 | [请求方法]: GET | [浏览器]: axios/1.13.5  | [Body参数]: - | [自定义内容]: -
[请求时间]: 2026-3-5 10:15:28 | [日志级别]: INFO | [客户端IP]: ::1 | [请求URL]: /api/question/list?page_no=1&page_size=10 | [请求方法]: GET | [浏览器]: axios/1.13.5  | [Body参数]: - | [自定义内容]: -
[请求时间]: 2026-3-5 10:31:29 | [日志级别]: INFO | [客户端IP]: ::1 | [请求URL]: /api/questionBank/list?page_no=1&page_size=10 | [请求方法]: GET | [浏览器]: axios/1.13.5  | [Body参数]: - | [自定义内容]: -
[请求时间]: 2026-3-5 10:31:29 | [日志级别]: INFO | [客户端IP]: ::1 | [请求URL]: /api/question/list?page_no=1&page_size=10 | [请求方法]: GET | [浏览器]: axios/1.13.5  | [Body参数]: - | [自定义内容]: -
[请求时间]: 2026-3-5 10:31:43 | [日志级别]: INFO | [客户端IP]: ::1 | [请求URL]: /api/questionBank/list?page_no=1&page_size=10 | [请求方法]: GET | [浏览器]: axios/1.13.5  | [Body参数]: - | [自定义内容]: -
[请求时间]: 2026-3-5 10:31:43 | [日志级别]: INFO | [客户端IP]: ::1 | [请求URL]: /api/question/list?page_no=1&page_size=10 | [请求方法]: GET | [浏览器]: axios/1.13.5  | [Body参数]: - | [自定义内容]: -
[请求时间]: 2026-3-5 10:33:07 | [日志级别]: INFO | [客户端IP]: ::1 | [请求URL]: /api/questionBank/list?page_no=1&page_size=10 | [请求方法]: GET | [浏览器]: axios/1.13.5  | [Body参数]: - | [自定义内容]: -
[请求时间]: 2026-3-5 10:33:07 | [日志级别]: INFO | [客户端IP]: ::1 | [请求URL]: /api/question/list?page_no=1&page_size=10 | [请求方法]: GET | [浏览器]: axios/1.13.5  | [Body参数]: - | [自定义内容]: -
[请求时间]: 2026-3-5 10:33:07 | [日志级别]: INFO | [客户端IP]: ::1 | [请求URL]: /api/questionBank/list?page_no=1&page_size=10 | [请求方法]: GET | [浏览器]: axios/1.13.5  | [Body参数]: - | [自定义内容]: -
[请求时间]: 2026-3-5 10:33:07 | [日志级别]: INFO | [客户端IP]: ::1 | [请求URL]: /api/question/list?page_no=1&page_size=10 | [请求方法]: GET | [浏览器]: axios/1.13.5  | [Body参数]: - | [自定义内容]: -
[请求时间]: 2026-3-5 10:33:17 | [日志级别]: INFO | [客户端IP]: ::1 | [请求URL]: /api/questionBank/list?page_no=1&page_size=10 | [请求方法]: GET | [浏览器]: axios/1.13.5  | [Body参数]: - | [自定义内容]: -
[请求时间]: 2026-3-5 10:33:17 | [日志级别]: INFO | [客户端IP]: ::1 | [请求URL]: /api/question/list?page_no=1&page_size=10 | [请求方法]: GET | [浏览器]: axios/1.13.5  | [Body参数]: - | [自定义内容]: -
[请求时间]: 2026-3-5 10:33:53 | [日志级别]: INFO | [客户端IP]: ::1 | [请求URL]: /api/questionBank/list?page_no=1&page_size=10 | [请求方法]: GET | [浏览器]: axios/1.13.5  | [Body参数]: - | [自定义内容]: -
[请求时间]: 2026-3-5 10:33:53 | [日志级别]: INFO | [客户端IP]: ::1 | [请求URL]: /api/questionBank/list?page_no=1&page_size=10 | [请求方法]: GET | [浏览器]: axios/1.13.5  | [Body参数]: - | [自定义内容]: -
[请求时间]: 2026-3-5 10:33:53 | [日志级别]: INFO | [客户端IP]: ::1 | [请求URL]: /api/question/list?page_no=1&page_size=10 | [请求方法]: GET | [浏览器]: axios/1.13.5  | [Body参数]: - | [自定义内容]: -
[请求时间]: 2026-3-5 10:33:53 | [日志级别]: INFO | [客户端IP]: ::1 | [请求URL]: /api/question/list?page_no=1&page_size=10 | [请求方法]: GET | [浏览器]: axios/1.13.5  | [Body参数]: - | [自定义内容]: -
[请求时间]: 2026-3-5 10:35:37 | [日志级别]: INFO | [客户端IP]: ::1 | [请求URL]: /api/questionBank/list?page_no=1&page_size=10 | [请求方法]: GET | [浏览器]: axios/1.13.5  | [Body参数]: - | [自定义内容]: -
[请求时间]: 2026-3-5 10:35:37 | [日志级别]: INFO | [客户端IP]: ::1 | [请求URL]: /api/question/list?page_no=1&page_size=10 | [请求方法]: GET | [浏览器]: axios/1.13.5  | [Body参数]: - | [自定义内容]: -
[请求时间]: 2026-3-5 10:35:37 | [日志级别]: INFO | [客户端IP]: ::1 | [请求URL]: /api/questionBank/list?page_no=1&page_size=10 | [请求方法]: GET | [浏览器]: axios/1.13.5  | [Body参数]: - | [自定义内容]: -
[请求时间]: 2026-3-5 10:35:37 | [日志级别]: INFO | [客户端IP]: ::1 | [请求URL]: /api/question/list?page_no=1&page_size=10 | [请求方法]: GET | [浏览器]: axios/1.13.5  | [Body参数]: - | [自定义内容]: -
[请求时间]: 2026-3-5 10:36:04 | [日志级别]: INFO | [客户端IP]: ::1 | [请求URL]: /api/questionBank/list?page_no=1&page_size=10 | [请求方法]: GET | [浏览器]: axios/1.13.5  | [Body参数]: - | [自定义内容]: -
[请求时间]: 2026-3-5 10:36:04 | [日志级别]: INFO | [客户端IP]: ::1 | [请求URL]: /api/questionBank/list?page_no=1&page_size=10 | [请求方法]: GET | [浏览器]: axios/1.13.5  | [Body参数]: - | [自定义内容]: -
[请求时间]: 2026-3-5 10:36:04 | [日志级别]: INFO | [客户端IP]: ::1 | [请求URL]: /api/question/list?page_no=1&page_size=10 | [请求方法]: GET | [浏览器]: axios/1.13.5  | [Body参数]: - | [自定义内容]: -
[请求时间]: 2026-3-5 10:36:04 | [日志级别]: INFO | [客户端IP]: ::1 | [请求URL]: /api/question/list?page_no=1&page_size=10 | [请求方法]: GET | [浏览器]: axios/1.13.5  | [Body参数]: - | [自定义内容]: -
[请求时间]: 2026-3-5 11:35:31 | [日志级别]: INFO | [客户端IP]: ::1 | [请求URL]: /api/questionBank/list?page_no=1&page_size=10 | [请求方法]: GET | [浏览器]: axios/1.13.5  | [Body参数]: - | [自定义内容]: -
[请求时间]: 2026-3-5 11:35:31 | [日志级别]: INFO | [客户端IP]: ::1 | [请求URL]: /api/question/list?page_no=1&page_size=10 | [请求方法]: GET | [浏览器]: axios/1.13.5  | [Body参数]: - | [自定义内容]: -
[请求时间]: 2026-3-5 11:38:31 | [日志级别]: INFO | [客户端IP]: ::1 | [请求URL]: /api/questionBank/list?page_no=1&page_size=10 | [请求方法]: GET | [浏览器]: axios/1.13.5  | [Body参数]: - | [自定义内容]: -
[请求时间]: 2026-3-5 11:38:31 | [日志级别]: INFO | [客户端IP]: ::1 | [请求URL]: /api/question/list?page_no=1&page_size=10 | [请求方法]: GET | [浏览器]: axios/1.13.5  | [Body参数]: - | [自定义内容]: -
[请求时间]: 2026-3-5 11:38:35 | [日志级别]: INFO | [客户端IP]: ::1 | [请求URL]: /api/questionBank/list?page_no=1&page_size=10 | [请求方法]: GET | [浏览器]: axios/1.13.5  | [Body参数]: - | [自定义内容]: -
[请求时间]: 2026-3-5 11:38:35 | [日志级别]: INFO | [客户端IP]: ::1 | [请求URL]: /api/question/list?page_no=1&page_size=10 | [请求方法]: GET | [浏览器]: axios/1.13.5  | [Body参数]: - | [自定义内容]: -
[请求时间]: 2026-3-5 11:38:52 | [日志级别]: INFO | [客户端IP]: ::1 | [请求URL]: /api/questionBank/list?page_no=1&page_size=10 | [请求方法]: GET | [浏览器]: axios/1.13.5  | [Body参数]: - | [自定义内容]: -
[请求时间]: 2026-3-5 11:38:52 | [日志级别]: INFO | [客户端IP]: ::1 | [请求URL]: /api/question/list?page_no=1&page_size=10 | [请求方法]: GET | [浏览器]: axios/1.13.5  | [Body参数]: - | [自定义内容]: -
[请求时间]: 2026-3-5 11:39:03 | [日志级别]: INFO | [客户端IP]: ::1 | [请求URL]: /api/questionBank/list?page_no=1&page_size=10 | [请求方法]: GET | [浏览器]: axios/1.13.5  | [Body参数]: - | [自定义内容]: -
[请求时间]: 2026-3-5 11:39:03 | [日志级别]: INFO | [客户端IP]: ::1 | [请求URL]: /api/question/list?page_no=1&page_size=10 | [请求方法]: GET | [浏览器]: axios/1.13.5  | [Body参数]: - | [自定义内容]: -
[请求时间]: 2026-3-5 12:05:51 | [日志级别]: INFO | [客户端IP]: ::1 | [请求URL]: /api/question/list?page_no=1&page_size=10 | [请求方法]: GET | [浏览器]: axios/1.13.5  | [Body参数]: - | [自定义内容]: -
[请求时间]: 2026-3-5 12:05:51 | [日志级别]: INFO | [客户端IP]: ::1 | [请求URL]: /api/question/list?page_no=1&page_size=10 | [请求方法]: GET | [浏览器]: axios/1.13.5  | [Body参数]: - | [自定义内容]: -
[请求时间]: 2026-3-5 12:06:04 | [日志级别]: INFO | [客户端IP]: ::1 | [请求URL]: /api/question/list?page_no=1&page_size=10 | [请求方法]: GET | [浏览器]: axios/1.13.5  | [Body参数]: - | [自定义内容]: -
[请求时间]: 2026-3-5 12:06:04 | [日志级别]: INFO | [客户端IP]: ::1 | [请求URL]: /api/questionBank/list?page_no=1&page_size=10 | [请求方法]: GET | [浏览器]: axios/1.13.5  | [Body参数]: - | [自定义内容]: -
[请求时间]: 2026-3-5 14:14:42 | [日志级别]: INFO | [客户端IP]: ::1 | [请求URL]: /api/questionBank/list?page_no=1&page_size=10 | [请求方法]: GET | [浏览器]: axios/1.13.5  | [Body参数]: - | [自定义内容]: -
[请求时间]: 2026-3-5 14:15:01 | [日志级别]: INFO | [客户端IP]: ::1 | [请求URL]: /api/question/list?page_no=1&page_size=10 | [请求方法]: GET | [浏览器]: axios/1.13.5  | [Body参数]: - | [自定义内容]: -
[请求时间]: 2026-3-5 14:15:33 | [日志级别]: INFO | [客户端IP]: ::1 | [请求URL]: /api/questionBank/list?page_no=1&page_size=10 | [请求方法]: GET | [浏览器]: axios/1.13.5  | [Body参数]: - | [自定义内容]: -
[请求时间]: 2026-3-5 14:15:33 | [日志级别]: INFO | [客户端IP]: ::1 | [请求URL]: /api/question/list?page_no=1&page_size=10 | [请求方法]: GET | [浏览器]: axios/1.13.5  | [Body参数]: - | [自定义内容]: -
[请求时间]: 2026-3-5 14:15:43 | [日志级别]: INFO | [客户端IP]: ::1 | [请求URL]: /api/questionBank/list?page_no=1&page_size=10 | [请求方法]: GET | [浏览器]: axios/1.13.5  | [Body参数]: - | [自定义内容]: -
[请求时间]: 2026-3-5 14:15:43 | [日志级别]: INFO | [客户端IP]: ::1 | [请求URL]: /api/question/list?page_no=1&page_size=10 | [请求方法]: GET | [浏览器]: axios/1.13.5  | [Body参数]: - | [自定义内容]: -
[请求时间]: 2026-3-5 14:19:11 | [日志级别]: INFO | [客户端IP]: ::1 | [请求URL]: /api/question/list?page_no=1&page_size=10 | [请求方法]: GET | [浏览器]: axios/1.13.5  | [Body参数]: - | [自定义内容]: -
[请求时间]: 2026-3-5 14:19:11 | [日志级别]: INFO | [客户端IP]: ::1 | [请求URL]: /api/questionBank/list?page_no=1&page_size=10 | [请求方法]: GET | [浏览器]: axios/1.13.5  | [Body参数]: - | [自定义内容]: -
[请求时间]: 2026-3-5 14:20:27 | [日志级别]: ERROR | [客户端IP]: ::1 | [请求URL]: /api/question/list?page=1&page_size=10 | [请求方法]: GET | [浏览器]: Mozilla/5.0 (Macintosh; Intel Mac OS X 10_15_7) AppleWebKit/537.36 (KHTML, like Gecko) Chrome/145.0.0.0 Safari/537.36  | [Body参数]: - | [自定义内容]: "page_no" is required
[请求时间]: 2026-3-5 14:20:37 | [日志级别]: INFO | [客户端IP]: ::1 | [请求URL]: /api/questionBank/list?page_no=1&page_size=10 | [请求方法]: GET | [浏览器]: axios/1.13.5  | [Body参数]: - | [自定义内容]: -
[请求时间]: 2026-3-5 14:20:37 | [日志级别]: INFO | [客户端IP]: ::1 | [请求URL]: /api/question/list?page_no=1&page_size=10 | [请求方法]: GET | [浏览器]: axios/1.13.5  | [Body参数]: - | [自定义内容]: -
[请求时间]: 2026-3-5 14:20:38 | [日志级别]: ERROR | [客户端IP]: ::1 | [请求URL]: /api/question/list?page=1&page_size=10 | [请求方法]: GET | [浏览器]: Mozilla/5.0 (Macintosh; Intel Mac OS X 10_15_7) AppleWebKit/537.36 (KHTML, like Gecko) Chrome/145.0.0.0 Safari/537.36  | [Body参数]: - | [自定义内容]: "page_no" is required
[请求时间]: 2026-3-5 14:22:12 | [日志级别]: INFO | [客户端IP]: ::1 | [请求URL]: /api/questionBank/list?page_no=1&page_size=10 | [请求方法]: GET | [浏览器]: axios/1.13.5  | [Body参数]: - | [自定义内容]: -
[请求时间]: 2026-3-5 14:22:12 | [日志级别]: INFO | [客户端IP]: ::1 | [请求URL]: /api/question/list?page_no=1&page_size=10 | [请求方法]: GET | [浏览器]: axios/1.13.5  | [Body参数]: - | [自定义内容]: -
[请求时间]: 2026-3-5 14:22:29 | [日志级别]: INFO | [客户端IP]: ::1 | [请求URL]: /api/question/list?page_no=1&page_size=10 | [请求方法]: GET | [浏览器]: axios/1.13.5  | [Body参数]: - | [自定义内容]: -
[请求时间]: 2026-3-5 14:22:29 | [日志级别]: INFO | [客户端IP]: ::1 | [请求URL]: /api/questionBank/list?page_no=1&page_size=10 | [请求方法]: GET | [浏览器]: axios/1.13.5  | [Body参数]: - | [自定义内容]: -
[请求时间]: 2026-3-5 14:23:23 | [日志级别]: INFO | [客户端IP]: ::1 | [请求URL]: /api/question/list?page_no=1&page_size=10 | [请求方法]: GET | [浏览器]: axios/1.13.5  | [Body参数]: - | [自定义内容]: -
[请求时间]: 2026-3-5 14:23:23 | [日志级别]: INFO | [客户端IP]: ::1 | [请求URL]: /api/questionBank/list?page_no=1&page_size=10 | [请求方法]: GET | [浏览器]: axios/1.13.5  | [Body参数]: - | [自定义内容]: -
[请求时间]: 2026-3-5 14:23:44 | [日志级别]: INFO | [客户端IP]: ::1 | [请求URL]: /api/user/login | [请求方法]: POST | [浏览器]: Mozilla/5.0 (Macintosh; Intel Mac OS X 10_15_7) AppleWebKit/537.36 (KHTML, like Gecko) Chrome/145.0.0.0 Safari/537.36  | [Body参数]: {"username":"admin","password":"12345678"} | [自定义内容]: -
[请求时间]: 2026-3-5 14:23:49 | [日志级别]: INFO | [客户端IP]: ::1 | [请求URL]: /api/tag/list?page_no=1&page_size=100 | [请求方法]: GET | [浏览器]: Mozilla/5.0 (Macintosh; Intel Mac OS X 10_15_7) AppleWebKit/537.36 (KHTML, like Gecko) Chrome/145.0.0.0 Safari/537.36  | [Body参数]: - | [自定义内容]: -
[请求时间]: 2026-3-5 14:23:49 | [日志级别]: INFO | [客户端IP]: ::1 | [请求URL]: /api/question/list?page_no=1&page_size=10 | [请求方法]: GET | [浏览器]: Mozilla/5.0 (Macintosh; Intel Mac OS X 10_15_7) AppleWebKit/537.36 (KHTML, like Gecko) Chrome/145.0.0.0 Safari/537.36  | [Body参数]: - | [自定义内容]: -
[请求时间]: 2026-3-5 14:23:49 | [日志级别]: INFO | [客户端IP]: ::1 | [请求URL]: /api/tag/list?page_no=1&page_size=100 | [请求方法]: GET | [浏览器]: Mozilla/5.0 (Macintosh; Intel Mac OS X 10_15_7) AppleWebKit/537.36 (KHTML, like Gecko) Chrome/145.0.0.0 Safari/537.36  | [Body参数]: - | [自定义内容]: -
[请求时间]: 2026-3-5 14:23:49 | [日志级别]: INFO | [客户端IP]: ::1 | [请求URL]: /api/question/list?page_no=1&page_size=10 | [请求方法]: GET | [浏览器]: Mozilla/5.0 (Macintosh; Intel Mac OS X 10_15_7) AppleWebKit/537.36 (KHTML, like Gecko) Chrome/145.0.0.0 Safari/537.36  | [Body参数]: - | [自定义内容]: -
[请求时间]: 2026-3-5 14:24:01 | [日志级别]: INFO | [客户端IP]: ::1 | [请求URL]: /api/question/create | [请求方法]: POST | [浏览器]: Mozilla/5.0 (Macintosh; Intel Mac OS X 10_15_7) AppleWebKit/537.36 (KHTML, like Gecko) Chrome/145.0.0.0 Safari/537.36  | [Body参数]: {"title":"11","priority":"11","difficulty":3,"need_vip":1,"content":"1","tags":["React"],"answer":"1"} | [自定义内容]: -
[请求时间]: 2026-3-5 14:24:01 | [日志级别]: INFO | [客户端IP]: ::1 | [请求URL]: /api/question/list?page_no=1&page_size=10 | [请求方法]: GET | [浏览器]: Mozilla/5.0 (Macintosh; Intel Mac OS X 10_15_7) AppleWebKit/537.36 (KHTML, like Gecko) Chrome/145.0.0.0 Safari/537.36  | [Body参数]: - | [自定义内容]: -
[请求时间]: 2026-3-5 14:24:03 | [日志级别]: INFO | [客户端IP]: ::1 | [请求URL]: /api/question/list?page_no=1&page_size=10 | [请求方法]: GET | [浏览器]: axios/1.13.5  | [Body参数]: - | [自定义内容]: -
[请求时间]: 2026-3-5 14:24:03 | [日志级别]: INFO | [客户端IP]: ::1 | [请求URL]: /api/questionBank/list?page_no=1&page_size=10 | [请求方法]: GET | [浏览器]: axios/1.13.5  | [Body参数]: - | [自定义内容]: -
[请求时间]: 2026-3-5 14:44:06 | [日志级别]: INFO | [客户端IP]: ::1 | [请求URL]: /api/question/list?page_no=1&page_size=10 | [请求方法]: GET | [浏览器]: axios/1.13.5  | [Body参数]: - | [自定义内容]: -
[请求时间]: 2026-3-5 14:44:06 | [日志级别]: INFO | [客户端IP]: ::1 | [请求URL]: /api/questionBank/list?page_no=1&page_size=10 | [请求方法]: GET | [浏览器]: axios/1.13.5  | [Body参数]: - | [自定义内容]: -
[请求时间]: 2026-3-5 14:44:06 | [日志级别]: INFO | [客户端IP]: ::1 | [请求URL]: /api/question/list?page_no=1&page_size=10 | [请求方法]: GET | [浏览器]: axios/1.13.5  | [Body参数]: - | [自定义内容]: -
[请求时间]: 2026-3-5 14:44:06 | [日志级别]: INFO | [客户端IP]: ::1 | [请求URL]: /api/questionBank/list?page_no=1&page_size=10 | [请求方法]: GET | [浏览器]: axios/1.13.5  | [Body参数]: - | [自定义内容]: -
[请求时间]: 2026-3-5 14:44:16 | [日志级别]: INFO | [客户端IP]: ::1 | [请求URL]: /api/question/list?page_no=1&page_size=10 | [请求方法]: GET | [浏览器]: axios/1.13.5  | [Body参数]: - | [自定义内容]: -
[请求时间]: 2026-3-5 14:44:16 | [日志级别]: INFO | [客户端IP]: ::1 | [请求URL]: /api/questionBank/list?page_no=1&page_size=10 | [请求方法]: GET | [浏览器]: axios/1.13.5  | [Body参数]: - | [自定义内容]: -
[请求时间]: 2026-3-5 14:44:18 | [日志级别]: INFO | [客户端IP]: ::1 | [请求URL]: /api/user/loginUser/detail | [请求方法]: GET | [浏览器]: Mozilla/5.0 (Macintosh; Intel Mac OS X 10_15_7) AppleWebKit/537.36 (KHTML, like Gecko) Chrome/145.0.0.0 Safari/537.36  | [Body参数]: - | [自定义内容]: -
[请求时间]: 2026-3-5 14:44:52 | [日志级别]: ERROR | [客户端IP]: ::1 | [请求URL]: /api/question/list?page=2&page_size=10 | [请求方法]: GET | [浏览器]: Mozilla/5.0 (Macintosh; Intel Mac OS X 10_15_7) AppleWebKit/537.36 (KHTML, like Gecko) Chrome/145.0.0.0 Safari/537.36  | [Body参数]: - | [自定义内容]: "page_no" is required
[请求时间]: 2026-3-5 14:44:57 | [日志级别]: ERROR | [客户端IP]: ::1 | [请求URL]: /api/question/list?page=3&page_size=10 | [请求方法]: GET | [浏览器]: Mozilla/5.0 (Macintosh; Intel Mac OS X 10_15_7) AppleWebKit/537.36 (KHTML, like Gecko) Chrome/145.0.0.0 Safari/537.36  | [Body参数]: - | [自定义内容]: "page_no" is required
[请求时间]: 2026-3-5 14:45:17 | [日志级别]: INFO | [客户端IP]: ::1 | [请求URL]: /api/question/list?page_no=2&page_size=10 | [请求方法]: GET | [浏览器]: Mozilla/5.0 (Macintosh; Intel Mac OS X 10_15_7) AppleWebKit/537.36 (KHTML, like Gecko) Chrome/145.0.0.0 Safari/537.36  | [Body参数]: - | [自定义内容]: -
[请求时间]: 2026-3-5 14:45:18 | [日志级别]: INFO | [客户端IP]: ::1 | [请求URL]: /api/question/list?page_no=1&page_size=10 | [请求方法]: GET | [浏览器]: Mozilla/5.0 (Macintosh; Intel Mac OS X 10_15_7) AppleWebKit/537.36 (KHTML, like Gecko) Chrome/145.0.0.0 Safari/537.36  | [Body参数]: - | [自定义内容]: -
[请求时间]: 2026-3-5 14:45:27 | [日志级别]: INFO | [客户端IP]: ::1 | [请求URL]: /api/question/list?page_no=1&page_size=10 | [请求方法]: GET | [浏览器]: Mozilla/5.0 (Macintosh; Intel Mac OS X 10_15_7) AppleWebKit/537.36 (KHTML, like Gecko) Chrome/145.0.0.0 Safari/537.36  | [Body参数]: - | [自定义内容]: -
[请求时间]: 2026-3-5 14:45:27 | [日志级别]: INFO | [客户端IP]: ::1 | [请求URL]: /api/tag/list?page_no=1&page_size=100 | [请求方法]: GET | [浏览器]: Mozilla/5.0 (Macintosh; Intel Mac OS X 10_15_7) AppleWebKit/537.36 (KHTML, like Gecko) Chrome/145.0.0.0 Safari/537.36  | [Body参数]: - | [自定义内容]: -
[请求时间]: 2026-3-5 14:45:27 | [日志级别]: INFO | [客户端IP]: ::1 | [请求URL]: /api/question/list?page_no=1&page_size=10 | [请求方法]: GET | [浏览器]: Mozilla/5.0 (Macintosh; Intel Mac OS X 10_15_7) AppleWebKit/537.36 (KHTML, like Gecko) Chrome/145.0.0.0 Safari/537.36  | [Body参数]: - | [自定义内容]: -
[请求时间]: 2026-3-5 14:45:27 | [日志级别]: INFO | [客户端IP]: ::1 | [请求URL]: /api/tag/list?page_no=1&page_size=100 | [请求方法]: GET | [浏览器]: Mozilla/5.0 (Macintosh; Intel Mac OS X 10_15_7) AppleWebKit/537.36 (KHTML, like Gecko) Chrome/145.0.0.0 Safari/537.36  | [Body参数]: - | [自定义内容]: -
[请求时间]: 2026-3-5 14:45:30 | [日志级别]: INFO | [客户端IP]: ::1 | [请求URL]: /api/question/delete?id=24 | [请求方法]: GET | [浏览器]: Mozilla/5.0 (Macintosh; Intel Mac OS X 10_15_7) AppleWebKit/537.36 (KHTML, like Gecko) Chrome/145.0.0.0 Safari/537.36  | [Body参数]: - | [自定义内容]: -
[请求时间]: 2026-3-5 14:45:30 | [日志级别]: INFO | [客户端IP]: ::1 | [请求URL]: /api/question/list?page_no=1&page_size=10 | [请求方法]: GET | [浏览器]: Mozilla/5.0 (Macintosh; Intel Mac OS X 10_15_7) AppleWebKit/537.36 (KHTML, like Gecko) Chrome/145.0.0.0 Safari/537.36  | [Body参数]: - | [自定义内容]: -
[请求时间]: 2026-3-5 16:11:26 | [日志级别]: INFO | [客户端IP]: ::1 | [请求URL]: /api/question/list?page_no=1&page_size=10 | [请求方法]: GET | [浏览器]: axios/1.13.5  | [Body参数]: - | [自定义内容]: -
[请求时间]: 2026-3-5 16:11:26 | [日志级别]: INFO | [客户端IP]: ::1 | [请求URL]: /api/questionBank/list?page_no=1&page_size=100 | [请求方法]: GET | [浏览器]: axios/1.13.5  | [Body参数]: - | [自定义内容]: -
[请求时间]: 2026-3-5 16:11:27 | [日志级别]: INFO | [客户端IP]: ::1 | [请求URL]: /api/question/list?page_no=1&page_size=10 | [请求方法]: GET | [浏览器]: axios/1.13.5  | [Body参数]: - | [自定义内容]: -
[请求时间]: 2026-3-5 16:11:27 | [日志级别]: INFO | [客户端IP]: ::1 | [请求URL]: /api/questionBank/list?page_no=1&page_size=100 | [请求方法]: GET | [浏览器]: axios/1.13.5  | [Body参数]: - | [自定义内容]: -
[请求时间]: 2026-3-5 16:24:47 | [日志级别]: ERROR | [客户端IP]: ::1 | [请求URL]: /api/question/detail | [请求方法]: GET | [浏览器]: axios/1.13.5  | [Body参数]: - | [自定义内容]: 题目不存在
[请求时间]: 2026-3-5 16:25:04 | [日志级别]: ERROR | [客户端IP]: ::1 | [请求URL]: /api/question/detail | [请求方法]: GET | [浏览器]: axios/1.13.5  | [Body参数]: - | [自定义内容]: 题目不存在
[请求时间]: 2026-3-5 16:26:00 | [日志级别]: ERROR | [客户端IP]: ::1 | [请求URL]: /api/question/detail | [请求方法]: GET | [浏览器]: axios/1.13.5  | [Body参数]: - | [自定义内容]: 题目不存在
[请求时间]: 2026-3-5 16:26:02 | [日志级别]: ERROR | [客户端IP]: ::1 | [请求URL]: /api/question/detail | [请求方法]: GET | [浏览器]: axios/1.13.5  | [Body参数]: - | [自定义内容]: 题目不存在
[请求时间]: 2026-3-5 16:26:24 | [日志级别]: ERROR | [客户端IP]: ::1 | [请求URL]: /api/question/detail | [请求方法]: GET | [浏览器]: axios/1.13.5  | [Body参数]: - | [自定义内容]: 题目不存在
[请求时间]: 2026-3-5 16:29:28 | [日志级别]: ERROR | [客户端IP]: ::1 | [请求URL]: /api/question/detail | [请求方法]: GET | [浏览器]: axios/1.13.5  | [Body参数]: - | [自定义内容]: 题目不存在
[请求时间]: 2026-3-5 16:29:28 | [日志级别]: ERROR | [客户端IP]: ::1 | [请求URL]: /api/question/detail | [请求方法]: GET | [浏览器]: axios/1.13.5  | [Body参数]: - | [自定义内容]: 题目不存在
[请求时间]: 2026-3-5 16:29:36 | [日志级别]: ERROR | [客户端IP]: ::1 | [请求URL]: /api/question/detail | [请求方法]: GET | [浏览器]: axios/1.13.5  | [Body参数]: - | [自定义内容]: 题目不存在
[请求时间]: 2026-3-5 16:29:56 | [日志级别]: ERROR | [客户端IP]: ::1 | [请求URL]: /api/question/detail | [请求方法]: GET | [浏览器]: axios/1.13.5  | [Body参数]: - | [自定义内容]: 题目不存在
[请求时间]: 2026-3-5 16:29:56 | [日志级别]: ERROR | [客户端IP]: ::1 | [请求URL]: /api/question/detail | [请求方法]: GET | [浏览器]: axios/1.13.5  | [Body参数]: - | [自定义内容]: 题目不存在
[请求时间]: 2026-3-5 16:30:29 | [日志级别]: ERROR | [客户端IP]: ::1 | [请求URL]: /api/question/detail | [请求方法]: GET | [浏览器]: axios/1.13.5  | [Body参数]: - | [自定义内容]: 题目不存在
[请求时间]: 2026-3-5 16:30:29 | [日志级别]: ERROR | [客户端IP]: ::1 | [请求URL]: /api/question/detail | [请求方法]: GET | [浏览器]: axios/1.13.5  | [Body参数]: - | [自定义内容]: 题目不存在
[请求时间]: 2026-3-5 16:30:32 | [日志级别]: ERROR | [客户端IP]: ::1 | [请求URL]: /api/question/detail | [请求方法]: GET | [浏览器]: axios/1.13.5  | [Body参数]: - | [自定义内容]: 题目不存在
[请求时间]: 2026-3-5 16:31:21 | [日志级别]: ERROR | [客户端IP]: ::1 | [请求URL]: /api/question/detail | [请求方法]: GET | [浏览器]: axios/1.13.5  | [Body参数]: - | [自定义内容]: 题目不存在
[请求时间]: 2026-3-5 16:32:21 | [日志级别]: ERROR | [客户端IP]: ::1 | [请求URL]: /api/question/detail | [请求方法]: GET | [浏览器]: axios/1.13.5  | [Body参数]: - | [自定义内容]: 题目不存在
[请求时间]: 2026-3-5 16:32:21 | [日志级别]: ERROR | [客户端IP]: ::1 | [请求URL]: /api/question/detail | [请求方法]: GET | [浏览器]: axios/1.13.5  | [Body参数]: - | [自定义内容]: 题目不存在
[请求时间]: 2026-3-5 16:32:21 | [日志级别]: ERROR | [客户端IP]: ::1 | [请求URL]: /api/question/detail | [请求方法]: GET | [浏览器]: axios/1.13.5  | [Body参数]: - | [自定义内容]: 题目不存在
[请求时间]: 2026-3-5 16:32:21 | [日志级别]: ERROR | [客户端IP]: ::1 | [请求URL]: /api/question/detail | [请求方法]: GET | [浏览器]: axios/1.13.5  | [Body参数]: - | [自定义内容]: 题目不存在
[请求时间]: 2026-3-5 16:32:21 | [日志级别]: ERROR | [客户端IP]: ::1 | [请求URL]: /api/question/detail | [请求方法]: GET | [浏览器]: axios/1.13.5  | [Body参数]: - | [自定义内容]: 题目不存在
[请求时间]: 2026-3-5 16:32:21 | [日志级别]: ERROR | [客户端IP]: ::1 | [请求URL]: /api/question/detail | [请求方法]: GET | [浏览器]: axios/1.13.5  | [Body参数]: - | [自定义内容]: 题目不存在
[请求时间]: 2026-3-5 16:32:21 | [日志级别]: ERROR | [客户端IP]: ::1 | [请求URL]: /api/question/detail | [请求方法]: GET | [浏览器]: axios/1.13.5  | [Body参数]: - | [自定义内容]: 题目不存在
[请求时间]: 2026-3-5 16:32:27 | [日志级别]: ERROR | [客户端IP]: ::1 | [请求URL]: /api/question/detail | [请求方法]: GET | [浏览器]: axios/1.13.5  | [Body参数]: - | [自定义内容]: 题目不存在
[请求时间]: 2026-3-5 16:33:31 | [日志级别]: ERROR | [客户端IP]: ::1 | [请求URL]: /api/question/detail | [请求方法]: GET | [浏览器]: axios/1.13.5  | [Body参数]: - | [自定义内容]: 题目不存在
[请求时间]: 2026-3-5 16:33:35 | [日志级别]: ERROR | [客户端IP]: ::1 | [请求URL]: /api/question/detail | [请求方法]: GET | [浏览器]: axios/1.13.5  | [Body参数]: - | [自定义内容]: 题目不存在
[请求时间]: 2026-3-5 16:33:37 | [日志级别]: ERROR | [客户端IP]: ::1 | [请求URL]: /api/question/detail | [请求方法]: GET | [浏览器]: axios/1.13.5  | [Body参数]: - | [自定义内容]: 题目不存在
[请求时间]: 2026-3-5 16:36:53 | [日志级别]: INFO | [客户端IP]: ::1 | [请求URL]: /api/question/detail?id=5 | [请求方法]: GET | [浏览器]: axios/1.13.5  | [Body参数]: - | [自定义内容]: -
[请求时间]: 2026-3-5 16:36:55 | [日志级别]: INFO | [客户端IP]: ::1 | [请求URL]: /api/question/detail?id=5 | [请求方法]: GET | [浏览器]: axios/1.13.5  | [Body参数]: - | [自定义内容]: -
[请求时间]: 2026-3-5 16:37:09 | [日志级别]: INFO | [客户端IP]: ::1 | [请求URL]: /api/question/detail?id=5 | [请求方法]: GET | [浏览器]: axios/1.13.5  | [Body参数]: - | [自定义内容]: -
[请求时间]: 2026-3-5 16:53:09 | [日志级别]: INFO | [客户端IP]: ::1 | [请求URL]: /api/question/detail?id=5 | [请求方法]: GET | [浏览器]: axios/1.13.5  | [Body参数]: - | [自定义内容]: -
[请求时间]: 2026-3-5 16:53:48 | [日志级别]: INFO | [客户端IP]: ::1 | [请求URL]: /api/question/detail?id=5 | [请求方法]: GET | [浏览器]: axios/1.13.5  | [Body参数]: - | [自定义内容]: -
[请求时间]: 2026-3-5 16:57:38 | [日志级别]: INFO | [客户端IP]: ::1 | [请求URL]: /api/question/detail?id=5 | [请求方法]: GET | [浏览器]: axios/1.13.5  | [Body参数]: - | [自定义内容]: -
[请求时间]: 2026-3-5 17:08:37 | [日志级别]: INFO | [客户端IP]: ::1 | [请求URL]: /api/question/list?page_no=1&page_size=10 | [请求方法]: GET | [浏览器]: axios/1.13.5  | [Body参数]: - | [自定义内容]: -
[请求时间]: 2026-3-5 17:08:37 | [日志级别]: INFO | [客户端IP]: ::1 | [请求URL]: /api/questionBank/list?page_no=1&page_size=100 | [请求方法]: GET | [浏览器]: axios/1.13.5  | [Body参数]: - | [自定义内容]: -
[请求时间]: 2026-3-5 17:10:37 | [日志级别]: INFO | [客户端IP]: ::1 | [请求URL]: /api/question/list?page_no=1&page_size=10 | [请求方法]: GET | [浏览器]: axios/1.13.5  | [Body参数]: - | [自定义内容]: -
[请求时间]: 2026-3-5 17:10:37 | [日志级别]: INFO | [客户端IP]: ::1 | [请求URL]: /api/questionBank/list?page_no=1&page_size=100 | [请求方法]: GET | [浏览器]: axios/1.13.5  | [Body参数]: - | [自定义内容]: -
[请求时间]: 2026-3-5 17:14:17 | [日志级别]: INFO | [客户端IP]: ::1 | [请求URL]: /api/question/detail?id=5 | [请求方法]: GET | [浏览器]: axios/1.13.5  | [Body参数]: - | [自定义内容]: -
[请求时间]: 2026-3-5 17:26:55 | [日志级别]: INFO | [客户端IP]: ::1 | [请求URL]: /api/question/detail?id=5 | [请求方法]: GET | [浏览器]: axios/1.13.5  | [Body参数]: - | [自定义内容]: -
[请求时间]: 2026-3-5 17:37:29 | [日志级别]: INFO | [客户端IP]: ::1 | [请求URL]: /api/question/detail?id=5 | [请求方法]: GET | [浏览器]: axios/1.13.5  | [Body参数]: - | [自定义内容]: -
[请求时间]: 2026-3-5 17:37:40 | [日志级别]: INFO | [客户端IP]: ::1 | [请求URL]: /api/question/detail?id=5 | [请求方法]: GET | [浏览器]: axios/1.13.5  | [Body参数]: - | [自定义内容]: -
[请求时间]: 2026-3-5 17:38:54 | [日志级别]: INFO | [客户端IP]: ::1 | [请求URL]: /api/question/detail?id=5 | [请求方法]: GET | [浏览器]: axios/1.13.5  | [Body参数]: - | [自定义内容]: -
[请求时间]: 2026-3-5 17:39:02 | [日志级别]: INFO | [客户端IP]: ::1 | [请求URL]: /api/user/login | [请求方法]: POST | [浏览器]: Mozilla/5.0 (Macintosh; Intel Mac OS X 10_15_7) AppleWebKit/537.36 (KHTML, like Gecko) Chrome/145.0.0.0 Safari/537.36  | [Body参数]: {"username":"admin","password":"12345678"} | [自定义内容]: -
[请求时间]: 2026-3-5 17:39:07 | [日志级别]: INFO | [客户端IP]: ::1 | [请求URL]: /api/tag/list?page_no=1&page_size=100 | [请求方法]: GET | [浏览器]: Mozilla/5.0 (Macintosh; Intel Mac OS X 10_15_7) AppleWebKit/537.36 (KHTML, like Gecko) Chrome/145.0.0.0 Safari/537.36  | [Body参数]: - | [自定义内容]: -
[请求时间]: 2026-3-5 17:39:07 | [日志级别]: INFO | [客户端IP]: ::1 | [请求URL]: /api/question/list?page_no=1&page_size=10 | [请求方法]: GET | [浏览器]: Mozilla/5.0 (Macintosh; Intel Mac OS X 10_15_7) AppleWebKit/537.36 (KHTML, like Gecko) Chrome/145.0.0.0 Safari/537.36  | [Body参数]: - | [自定义内容]: -
[请求时间]: 2026-3-5 17:39:07 | [日志级别]: INFO | [客户端IP]: ::1 | [请求URL]: /api/tag/list?page_no=1&page_size=100 | [请求方法]: GET | [浏览器]: Mozilla/5.0 (Macintosh; Intel Mac OS X 10_15_7) AppleWebKit/537.36 (KHTML, like Gecko) Chrome/145.0.0.0 Safari/537.36  | [Body参数]: - | [自定义内容]: -
[请求时间]: 2026-3-5 17:39:07 | [日志级别]: INFO | [客户端IP]: ::1 | [请求URL]: /api/question/list?page_no=1&page_size=10 | [请求方法]: GET | [浏览器]: Mozilla/5.0 (Macintosh; Intel Mac OS X 10_15_7) AppleWebKit/537.36 (KHTML, like Gecko) Chrome/145.0.0.0 Safari/537.36  | [Body参数]: - | [自定义内容]: -
[请求时间]: 2026-3-5 17:39:12 | [日志级别]: INFO | [客户端IP]: ::1 | [请求URL]: /api/question/detail?id=5 | [请求方法]: GET | [浏览器]: Mozilla/5.0 (Macintosh; Intel Mac OS X 10_15_7) AppleWebKit/537.36 (KHTML, like Gecko) Chrome/145.0.0.0 Safari/537.36  | [Body参数]: - | [自定义内容]: -
[请求时间]: 2026-3-5 17:39:35 | [日志级别]: INFO | [客户端IP]: ::1 | [请求URL]: /api/question/update | [请求方法]: POST | [浏览器]: Mozilla/5.0 (Macintosh; Intel Mac OS X 10_15_7) AppleWebKit/537.36 (KHTML, like Gecko) Chrome/145.0.0.0 Safari/537.36  | [Body参数]: {"title":"算法：二分查找","priority":0,"difficulty":1,"need_vip":1,"content":"请实现一个二分查找算法。","tags":["算法","数据结构"],"answer":"*二分查找是一种在有序数组中查找特定元素的算法，通过不断折半的方式缩小查找范围。*","id":5} | [自定义内容]: -
[请求时间]: 2026-3-5 17:39:35 | [日志级别]: INFO | [客户端IP]: ::1 | [请求URL]: /api/question/list?page_no=1&page_size=10 | [请求方法]: GET | [浏览器]: Mozilla/5.0 (Macintosh; Intel Mac OS X 10_15_7) AppleWebKit/537.36 (KHTML, like Gecko) Chrome/145.0.0.0 Safari/537.36  | [Body参数]: - | [自定义内容]: -
[请求时间]: 2026-3-5 17:39:38 | [日志级别]: INFO | [客户端IP]: ::1 | [请求URL]: /api/question/list?page_no=1&page_size=10 | [请求方法]: GET | [浏览器]: axios/1.13.5  | [Body参数]: - | [自定义内容]: -
[请求时间]: 2026-3-5 17:39:38 | [日志级别]: INFO | [客户端IP]: ::1 | [请求URL]: /api/questionBank/list?page_no=1&page_size=100 | [请求方法]: GET | [浏览器]: axios/1.13.5  | [Body参数]: - | [自定义内容]: -
[请求时间]: 2026-3-5 17:39:41 | [日志级别]: INFO | [客户端IP]: ::1 | [请求URL]: /api/question/detail?id=5 | [请求方法]: GET | [浏览器]: axios/1.13.5  | [Body参数]: - | [自定义内容]: -
[请求时间]: 2026-3-5 17:39:42 | [日志级别]: INFO | [客户端IP]: ::1 | [请求URL]: /api/user/loginUser/detail | [请求方法]: GET | [浏览器]: Mozilla/5.0 (Macintosh; Intel Mac OS X 10_15_7) AppleWebKit/537.36 (KHTML, like Gecko) Chrome/145.0.0.0 Safari/537.36  | [Body参数]: - | [自定义内容]: -
[请求时间]: 2026-3-5 17:43:59 | [日志级别]: INFO | [客户端IP]: ::1 | [请求URL]: /api/question/detail?id=5 | [请求方法]: GET | [浏览器]: axios/1.13.5  | [Body参数]: - | [自定义内容]: -
[请求时间]: 2026-3-5 17:44:00 | [日志级别]: INFO | [客户端IP]: ::1 | [请求URL]: /api/user/loginUser/detail | [请求方法]: GET | [浏览器]: Mozilla/5.0 (Macintosh; Intel Mac OS X 10_15_7) AppleWebKit/537.36 (KHTML, like Gecko) Chrome/145.0.0.0 Safari/537.36  | [Body参数]: - | [自定义内容]: -
[请求时间]: 2026-3-5 17:49:19 | [日志级别]: INFO | [客户端IP]: ::1 | [请求URL]: /api/question/list?page_no=1&page_size=10 | [请求方法]: GET | [浏览器]: axios/1.13.5  | [Body参数]: - | [自定义内容]: -
[请求时间]: 2026-3-5 17:49:19 | [日志级别]: INFO | [客户端IP]: ::1 | [请求URL]: /api/questionBank/list?page_no=1&page_size=100 | [请求方法]: GET | [浏览器]: axios/1.13.5  | [Body参数]: - | [自定义内容]: -
[请求时间]: 2026-3-5 17:49:21 | [日志级别]: INFO | [客户端IP]: ::1 | [请求URL]: /api/user/loginUser/detail | [请求方法]: GET | [浏览器]: Mozilla/5.0 (Macintosh; Intel Mac OS X 10_15_7) AppleWebKit/537.36 (KHTML, like Gecko) Chrome/145.0.0.0 Safari/537.36  | [Body参数]: - | [自定义内容]: -
[请求时间]: 2026-3-5 17:49:22 | [日志级别]: INFO | [客户端IP]: ::1 | [请求URL]: /api/question/detail?id=3 | [请求方法]: GET | [浏览器]: axios/1.13.5  | [Body参数]: - | [自定义内容]: -
[请求时间]: 2026-3-5 17:49:36 | [日志级别]: INFO | [客户端IP]: ::1 | [请求URL]: /api/question/list?page_no=1&page_size=10 | [请求方法]: GET | [浏览器]: axios/1.13.5  | [Body参数]: - | [自定义内容]: -
[请求时间]: 2026-3-5 17:49:36 | [日志级别]: INFO | [客户端IP]: ::1 | [请求URL]: /api/questionBank/list?page_no=1&page_size=100 | [请求方法]: GET | [浏览器]: axios/1.13.5  | [Body参数]: - | [自定义内容]: -
